2025-02-17 22:02:10 [[32minfo[39m] [[36mDatabase[39m] Mongoose connection made and is connected
2025-02-17 22:02:11 [[32minfo[39m] [[36mReady[39m] MEE8 (New, and Improved)#1130 is ready to serve 7 guilds with 135 members.
2025-02-17 22:02:42 [[32minfo[39m] [[36mDatabase[39m] Mongoose connection made and is connected
2025-02-17 22:02:43 [[32minfo[39m] [[36mReady[39m] MEE8 (New, and Improved)#1130 is ready to serve 7 guilds with 135 members.
2025-02-17 22:03:08 [[32minfo[39m] [[36mDatabase[39m] Mongoose connection made and is connected
2025-02-17 22:03:09 [[32minfo[39m] [[36mReady[39m] MEE8 (New, and Improved)#1130 is ready to serve 7 guilds with 135 members.
2025-02-17 22:03:10 [[32minfo[39m] [[36mDashboard[39m] Listening on port 4000
2025-02-17 22:03:49 [[32minfo[39m] [[36mDatabase[39m] Mongoose connection made and is connected
2025-02-17 22:03:50 [[32minfo[39m] [[36mReady[39m] MEE8 (New, and Improved)#1130 is ready to serve 7 guilds with 135 members.
2025-02-17 22:03:50 [[32minfo[39m] [[36mDashboard[39m] Listening on port 4000
2025-02-17 22:08:52 [[32minfo[39m] [[36mDatabase[39m] Mongoose connection made and is connected
2025-02-17 22:08:53 [[32minfo[39m] [[36mReady[39m] MEE8 (New, and Improved)#1130 is ready to serve 7 guilds with 135 members.
2025-02-17 22:08:53 [[32minfo[39m] [[36mDashboard[39m] Listening on port 4000
2025-02-17 22:09:43 [[32minfo[39m] [[36mDatabase[39m] Mongoose connection made and is connected
2025-02-17 22:09:44 [[32minfo[39m] [[36mReady[39m] MEE8 (New, and Improved)#1130 is ready to serve 7 guilds with 135 members.
2025-02-17 22:09:44 [[32minfo[39m] [[36mDashboard[39m] Listening on port 4000
2025-02-17 22:10:09 [[32minfo[39m] [[36mSlash Commmand[39m] "/setvar variable:a value:2" (setvar) ran by "the4004whelen" (1067137336674107453) in a DM.
2025-02-17 22:10:13 [[32minfo[39m] [[36mSlash Commmand[39m] "/calculate expression:a" (calculate) ran by "the4004whelen" (1067137336674107453) in a DM.
2025-02-17 22:10:17 [[32minfo[39m] [[36mSlash Commmand[39m] "/calculate expression:aa" (calculate) ran by "the4004whelen" (1067137336674107453) in a DM.
2025-02-17 22:13:24 [[32minfo[39m] [[36mDatabase[39m] Mongoose connection made and is connected
2025-02-17 22:13:25 [[32minfo[39m] [[36mReady[39m] MEE8 (New, and Improved)#1130 is ready to serve 7 guilds with 135 members.
2025-02-17 22:13:26 [[32minfo[39m] [[36mDashboard[39m] Listening on port 4000
2025-02-17 22:13:31 [[32minfo[39m] [[36mSlash Commmand[39m] "/calculate expression:ab" (calculate) ran by "the4004whelen" (1067137336674107453) in a DM.
2025-02-17 22:13:39 [[32minfo[39m] [[36mSlash Commmand[39m] "/calculate expression:a" (calculate) ran by "the4004whelen" (1067137336674107453) in a DM.
2025-02-17 22:13:42 [[32minfo[39m] [[36mSlash Commmand[39m] "/calculate expression:b" (calculate) ran by "the4004whelen" (1067137336674107453) in a DM.
2025-02-17 22:17:27 [[32minfo[39m] [[36mDatabase[39m] Mongoose connection made and is connected
2025-02-17 22:17:28 [[32minfo[39m] [[36mReady[39m] MEE8 (New, and Improved)#1130 is ready to serve 7 guilds with 135 members.
2025-02-17 22:17:29 [[32minfo[39m] [[36mDashboard[39m] Listening on port 4000
2025-02-17 22:17:52 [[32minfo[39m] [[36mSlash Commmand[39m] "/calculate expression:(56+12)*a" (calculate) ran by "the4004whelen" (1067137336674107453) in a DM.
2025-02-17 22:18:18 [[32minfo[39m] [[36mSlash Commmand[39m] "/ban member:1266530258522345574" (ban) ran by "the4004whelen" (1067137336674107453) on guild "CRRC | Craxel's Roblox Roleplay Corporation" (1313722958828670976) in channel "general-chat" (1327413375030001704)
2025-02-17 22:18:48 [[32minfo[39m] [[36mSlash Commmand[39m] "/unban member:1266530258522345574" (unban) ran by "the4004whelen" (1067137336674107453) on guild "CRRC | Craxel's Roblox Roleplay Corporation" (1313722958828670976) in channel "general-chat" (1327413375030001704)
2025-02-17 22:23:00 [[32minfo[39m] [[36mDatabase[39m] Mongoose connection made and is connected
2025-02-17 22:23:01 [[32minfo[39m] [[36mReady[39m] MEE8 (New, and Improved)#1130 is ready to serve 7 guilds with 135 members.
2025-02-17 22:23:01 [[32minfo[39m] [[36mDashboard[39m] Listening on port 4000
2025-02-17 22:24:19 [[32minfo[39m] [[36mDatabase[39m] Mongoose connection made and is connected
2025-02-17 22:24:20 [[32minfo[39m] [[36mReady[39m] MEE8 (New, and Improved)#1130 is ready to serve 7 guilds with 135 members.
2025-02-17 22:24:20 [[32minfo[39m] [[36mDashboard[39m] Listening on port 4000
2025-02-17 22:24:28 [[32minfo[39m] [[36mSlash Commmand[39m] "/ban member:1266530258522345574 reason:CRRC Ban Notice: Testing reasons." (ban) ran by "the4004whelen" (1067137336674107453) on guild "CRRC | Craxel's Roblox Roleplay Corporation" (1313722958828670976) in channel "general-chat" (1327413375030001704)
2025-02-17 22:24:48 [[32minfo[39m] [[36mDatabase[39m] Mongoose connection made and is connected
2025-02-17 22:24:49 [[32minfo[39m] [[36mReady[39m] MEE8 (New, and Improved)#1130 is ready to serve 7 guilds with 135 members.
2025-02-17 22:24:50 [[32minfo[39m] [[36mDashboard[39m] Listening on port 4000
2025-02-17 22:24:50 [[32minfo[39m] [[36mSlash Commmand[39m] "/ban member:1266530258522345574 reason:CRRC Ban Notice: Testing reasons." (ban) ran by "the4004whelen" (1067137336674107453) on guild "CRRC | Craxel's Roblox Roleplay Corporation" (1313722958828670976) in channel "general-chat" (1327413375030001704)
2025-02-17 22:25:15 [[32minfo[39m] [[36mSlash Commmand[39m] "/unban member:1266530258522345574 reason:cause" (unban) ran by "the4004whelen" (1067137336674107453) on guild "CRRC | Craxel's Roblox Roleplay Corporation" (1313722958828670976) in channel "general-chat" (1327413375030001704)
2025-02-17 22:26:28 [[32minfo[39m] [[36mDatabase[39m] Mongoose connection made and is connected
2025-02-17 22:26:29 [[32minfo[39m] [[36mReady[39m] MEE8 (New, and Improved)#1130 is ready to serve 7 guilds with 135 members.
2025-02-17 22:26:29 [[32minfo[39m] [[36mDashboard[39m] Listening on port 4000
2025-02-17 22:27:28 [[32minfo[39m] [[36mSlash Commmand[39m] "/helo" (helo) ran by "the4004whelen" (1067137336674107453) in a DM.
2025-02-17 22:30:08 [[32minfo[39m] [[36mSlash Commmand[39m] "/afk reason:test" (afk) ran by "the4004whelen" (1067137336674107453) on guild "Whelen's Lounge" (1321929915603488881) in channel "「🤖」bot-commands" (1321929917226684506)
2025-02-17 22:31:19 [[32minfo[39m] [[36mDatabase[39m] Mongoose connection made and is connected
2025-02-17 22:31:20 [[32minfo[39m] [[36mReady[39m] MEE8 (New, and Improved)#1130 is ready to serve 7 guilds with 135 members.
2025-02-17 22:31:21 [[32minfo[39m] [[36mDashboard[39m] Listening on port 4000
2025-02-17 22:31:29 [[32minfo[39m] [[36mSlash Commmand[39m] "/helo" (helo) ran by "the4004whelen" (1067137336674107453) on guild "Whelen's Lounge" (1321929915603488881) in channel "「🤖」bot-commands" (1321929917226684506)
2025-02-17 22:31:59 [[32minfo[39m] [[36mDatabase[39m] Mongoose connection made and is connected
2025-02-17 22:32:00 [[32minfo[39m] [[36mReady[39m] MEE8 (New, and Improved)#1130 is ready to serve 7 guilds with 135 members.
2025-02-17 22:32:00 [[32minfo[39m] [[36mDashboard[39m] Listening on port 4000
2025-02-17 22:32:18 [[32minfo[39m] [[36mSlash Commmand[39m] "/fart" (fart) ran by "the4004whelen" (1067137336674107453) on guild "Whelen's Lounge" (1321929915603488881) in channel "「🤖」bot-commands" (1321929917226684506)
2025-02-17 22:32:24 [[32minfo[39m] [[36mRate Limit[39m] Time out: 4574ms. Limit: 5
2025-02-17 22:32:31 [[32minfo[39m] [[36mRate Limit[39m] Time out: 5288ms. Limit: 5
2025-02-17 22:32:31 [[32minfo[39m] [[36mERROR[39m] [unhandledRejection] Unknown interaction
2025-02-17 22:33:53 [[32minfo[39m] [[36mDatabase[39m] Mongoose connection made and is connected
2025-02-17 22:33:54 [[32minfo[39m] [[36mReady[39m] MEE8 (New, and Improved)#1130 is ready to serve 7 guilds with 135 members.
2025-02-17 22:33:54 [[32minfo[39m] [[36mDashboard[39m] Listening on port 4000
2025-02-17 22:34:29 [[32minfo[39m] [[36mDatabase[39m] Mongoose connection made and is connected
2025-02-17 22:34:30 [[32minfo[39m] [[36mReady[39m] MEE8 (New, and Improved)#1130 is ready to serve 7 guilds with 135 members.
2025-02-17 22:34:30 [[32minfo[39m] [[36mDashboard[39m] Listening on port 4000
2025-02-17 22:34:32 [[32minfo[39m] [[36mSlash Commmand[39m] "/fart" (fart) ran by "the4004whelen" (1067137336674107453) in a DM.
2025-02-17 22:34:49 [[32minfo[39m] [[36mSlash Commmand[39m] "/fart" (fart) ran by "the4004whelen" (1067137336674107453) on guild "Whelen's Lounge" (1321929915603488881) in channel "「🤖」bot-commands" (1321929917226684506)
2025-02-17 22:35:08 [[32minfo[39m] [[36mSlash Commmand[39m] "/clearbackups" (clearbackups) ran by "the4004whelen" (1067137336674107453) on guild "Whelen's Lounge" (1321929915603488881) in channel "「🤖」bot-commands" (1321929917226684506)
2025-02-17 22:36:32 [[32minfo[39m] [[36mERROR[39m] [unhandledRejection] Invalid Form Body
83[APPLICATION_COMMANDS_DUPLICATE_NAME]: Application command names must be unique
2025-02-17 22:36:37 [[32minfo[39m] [[36mDatabase[39m] Mongoose connection made and is connected
2025-02-17 22:36:38 [[32minfo[39m] [[36mReady[39m] MEE8 (New, and Improved)#1130 is ready to serve 7 guilds with 135 members.
2025-02-17 22:36:38 [[32minfo[39m] [[36mDashboard[39m] Listening on port 4000
2025-02-17 22:39:11 [[32minfo[39m] [[36mDatabase[39m] Mongoose connection made and is connected
2025-02-17 22:39:13 [[32minfo[39m] [[36mReady[39m] MEE8 (New, and Improved)#1130 is ready to serve 7 guilds with 135 members.
2025-02-17 22:39:13 [[32minfo[39m] [[36mDashboard[39m] Listening on port 4000
2025-02-17 22:39:26 [[32minfo[39m] [[36mDatabase[39m] Mongoose connection made and is connected
2025-02-17 22:39:27 [[32minfo[39m] [[36mReady[39m] MEE8 (New, and Improved)#1130 is ready to serve 7 guilds with 135 members.
2025-02-17 22:39:27 [[32minfo[39m] [[36mDashboard[39m] Listening on port 4000
2025-02-17 22:39:35 [[32minfo[39m] [[36mSlash Commmand[39m] "/clear amount:1" (clear) ran by "the4004whelen" (1067137336674107453) on guild "Whelen's Lounge" (1321929915603488881) in channel "「🤖」bot-commands" (1321929917226684506)
2025-02-17 22:39:35 [[32minfo[39m] [[36mPurge[39m] Deleted 1 message.
2025-02-17 22:39:49 [[32minfo[39m] [[36mSlash Commmand[39m] "/clear amount:2" (clear) ran by "the4004whelen" (1067137336674107453) on guild "Whelen's Lounge" (1321929915603488881) in channel "「🤖」bot-commands" (1321929917226684506)
2025-02-17 22:39:50 [[32minfo[39m] [[36mPurge[39m] Deleted 2 messages.
2025-02-17 22:40:22 [[32minfo[39m] [[36mSlash Commmand[39m] "/createbackup" (createbackup) ran by "the4004whelen" (1067137336674107453) on guild "Whelen's Lounge" (1321929915603488881) in channel "「🤖」bot-commands" (1321929917226684506)
2025-02-17 22:40:33 [[32minfo[39m] [[36mSlash Commmand[39m] "/verify member:1266530258522345574" (verify) ran by "the4004whelen" (1067137336674107453) on guild "Whelen's Lounge" (1321929915603488881) in channel "「🤖」bot-commands" (1321929917226684506)
2025-02-17 22:41:19 [[32minfo[39m] [[36mSlash Commmand[39m] "/role add user:1266530258522345574 role:1321929915662336053" (role add) ran by "the4004whelen" (1067137336674107453) on guild "Whelen's Lounge" (1321929915603488881) in channel "「🤖」bot-commands" (1321929917226684506)
2025-02-17 22:41:31 [[32minfo[39m] [[36mSlash Commmand[39m] "/role remove user:1266530258522345574 role:1321929915662336053" (role remove) ran by "the4004whelen" (1067137336674107453) on guild "Whelen's Lounge" (1321929915603488881) in channel "「🤖」bot-commands" (1321929917226684506)
2025-02-17 22:41:38 [[32minfo[39m] [[36mSlash Commmand[39m] "/role add user:1266530258522345574 role:1321929915662336057" (role add) ran by "the4004whelen" (1067137336674107453) on guild "Whelen's Lounge" (1321929915603488881) in channel "「🤖」bot-commands" (1321929917226684506)
2025-02-17 22:43:17 [[32minfo[39m] [[36mDatabase[39m] Mongoose connection made and is connected
2025-02-17 22:43:18 [[32minfo[39m] [[36mReady[39m] MEE8 (New, and Improved)#1130 is ready to serve 7 guilds with 136 members.
2025-02-17 22:43:18 [[32minfo[39m] [[36mDashboard[39m] Listening on port 4000
2025-02-17 22:43:30 [[32minfo[39m] [[36mSlash Commmand[39m] "/whatisthis" (whatisthis) ran by "q_137" (1266530258522345574) on guild "Whelen's Lounge" (1321929915603488881) in channel "「🤖」bot-commands" (1321929917226684506)
2025-02-17 22:45:52 [[32minfo[39m] [[36mCommand[39m] "-stop" (stop) ran by "the4004whelen" (1067137336674107453) on guild "Whelen's Lounge" (1321929915603488881) channel "#「🤖」bot-commands" (1321929917226684506)
2025-02-17 22:45:57 [[32minfo[39m] [[36mCommand[39m] "-play rush e" (play) ran by "the4004whelen" (1067137336674107453) on guild "Whelen's Lounge" (1321929915603488881) channel "#「🤖」bot-commands" (1321929917226684506)
2025-02-17 22:45:58 [[32minfo[39m] [[36mERROR[39m] [multipleResolves] MULTIPLE RESOLVES
2025-02-17 22:45:58 [[32minfo[39m] [[36mERROR[39m] [multipleResolves] MULTIPLE RESOLVES
2025-02-17 22:45:58 [[32minfo[39m] [[36mERROR[39m] [multipleResolves] MULTIPLE RESOLVES
2025-02-17 22:45:59 [[32minfo[39m] [[36mERROR[39m] [multipleResolves] MULTIPLE RESOLVES
2025-02-17 22:45:59 [[32minfo[39m] [[36mERROR[39m] [multipleResolves] MULTIPLE RESOLVES
2025-02-17 22:46:00 [[32minfo[39m] [[36mERROR[39m] [multipleResolves] MULTIPLE RESOLVES
2025-02-17 22:46:04 [[32minfo[39m] [[36mERROR[39m] [multipleResolves] MULTIPLE RESOLVES
2025-02-17 22:46:05 [[32minfo[39m] [[36mCommand[39m] "-stop" (stop) ran by "the4004whelen" (1067137336674107453) on guild "Whelen's Lounge" (1321929915603488881) channel "#「🤖」bot-commands" (1321929917226684506)
2025-02-17 22:46:05 [[32minfo[39m] [[36mSlash Commmand[39m] "/whatisthis" (whatisthis) ran by "q_137" (1266530258522345574) on guild "Whelen's Lounge" (1321929915603488881) in channel "「🤖」bot-commands" (1321929917226684506)
2025-02-17 22:46:08 [[32minfo[39m] [[36mERROR[39m] [multipleResolves] MULTIPLE RESOLVES
2025-02-17 22:46:08 [[32minfo[39m] [[36mCommand[39m] "-stop" (stop) ran by "the4004whelen" (1067137336674107453) on guild "Whelen's Lounge" (1321929915603488881) channel "#「🤖」bot-commands" (1321929917226684506)
2025-02-17 22:46:14 [[32minfo[39m] [[36mSlash Commmand[39m] "/whatisthis" (whatisthis) ran by "q_137" (1266530258522345574) on guild "Whelen's Lounge" (1321929915603488881) in channel "「🤖」bot-commands" (1321929917226684506)
2025-02-17 22:46:17 [[32minfo[39m] [[36mERROR[39m] [multipleResolves] MULTIPLE RESOLVES
2025-02-17 22:46:18 [[32minfo[39m] [[36mCommand[39m] "-clear 5" (clear) ran by "the4004whelen" (1067137336674107453) on guild "Whelen's Lounge" (1321929915603488881) channel "#「🤖」bot-commands" (1321929917226684506)
2025-02-17 22:46:18 [[32minfo[39m] [[36mPurge[39m] Deleted 5 messages.
2025-02-17 22:46:27 [[32minfo[39m] [[36mCommand[39m] "-clear 6" (clear) ran by "the4004whelen" (1067137336674107453) on guild "Whelen's Lounge" (1321929915603488881) channel "#「🤖」bot-commands" (1321929917226684506)
2025-02-17 22:46:27 [[32minfo[39m] [[36mPurge[39m] Deleted 6 messages.
2025-02-17 22:46:38 [[32minfo[39m] [[36mCommand[39m] "-clear 1000" (clear) ran by "the4004whelen" (1067137336674107453) on guild "Whelen's Lounge" (1321929915603488881) channel "#「🤖」bot-commands" (1321929917226684506)
2025-02-17 22:46:39 [[32minfo[39m] [[36mPurge[39m] Deleted 11 messages.
2025-02-17 22:46:45 [[32minfo[39m] [[36mCommand[39m] "-clear 1000" (clear) ran by "the4004whelen" (1067137336674107453) on guild "Whelen's Lounge" (1321929915603488881) channel "#「🤖」bot-commands" (1321929917226684506)
2025-02-17 22:46:46 [[32minfo[39m] [[36mPurge[39m] Deleted 8 messages.
2025-02-17 22:47:15 [[32minfo[39m] [[36mSlash Commmand[39m] "/clear amount:1" (clear) ran by "the4004whelen" (1067137336674107453) on guild "Whelen's Lounge" (1321929915603488881) in channel "「🤖」bot-commands" (1321929917226684506)
2025-02-17 22:47:16 [[32minfo[39m] [[36mPurge[39m] Deleted 1 message.
2025-02-17 22:47:18 [[32minfo[39m] [[36mSlash Commmand[39m] "/whatisthis" (whatisthis) ran by "the4004whelen" (1067137336674107453) on guild "Whelen's Lounge" (1321929915603488881) in channel "「🤖」bot-commands" (1321929917226684506)
2025-02-17 22:47:21 [[32minfo[39m] [[36mERROR[39m] [multipleResolves] MULTIPLE RESOLVES
2025-02-17 22:47:25 [[32minfo[39m] [[36mSlash Commmand[39m] "/whatisthis" (whatisthis) ran by "the4004whelen" (1067137336674107453) on guild "Whelen's Lounge" (1321929915603488881) in channel "「🤖」bot-commands" (1321929917226684506)
2025-02-17 22:47:28 [[32minfo[39m] [[36mERROR[39m] [multipleResolves] MULTIPLE RESOLVES
2025-02-17 22:47:55 [[32minfo[39m] [[36mSlash Commmand[39m] "/help" (help) ran by "the4004whelen" (1067137336674107453) on guild "Whelen's Lounge" (1321929915603488881) in channel "「🤖」bot-commands" (1321929917226684506)
2025-02-17 22:48:53 [[32minfo[39m] [[36mDatabase[39m] Mongoose connection made and is connected
2025-02-17 22:48:54 [[32minfo[39m] [[36mReady[39m] MEE8 (New, and Improved)#1130 is ready to serve 7 guilds with 136 members.
2025-02-17 22:48:54 [[32minfo[39m] [[36mDashboard[39m] Listening on port 4000
2025-02-17 22:49:03 [[32minfo[39m] [[36mSlash Commmand[39m] "/awp" (awp) ran by "the4004whelen" (1067137336674107453) on guild "Whelen's Lounge" (1321929915603488881) in channel "「🤖」bot-commands" (1321929917226684506)
2025-02-17 22:50:36 [[32minfo[39m] [[36mERROR[39m] [multipleResolves] MULTIPLE RESOLVES
2025-02-17 22:50:56 [[32minfo[39m] [[36mDatabase[39m] Mongoose connection made and is connected
2025-02-17 22:50:57 [[32minfo[39m] [[36mReady[39m] MEE8 (New, and Improved)#1130 is ready to serve 7 guilds with 136 members.
2025-02-17 22:50:57 [[32minfo[39m] [[36mDashboard[39m] Listening on port 4000
2025-02-17 22:51:09 [[32minfo[39m] [[36mSlash Commmand[39m] "/brick" (brick) ran by "the4004whelen" (1067137336674107453) on guild "Whelen's Lounge" (1321929915603488881) in channel "「🤖」bot-commands" (1321929917226684506)
2025-02-17 22:51:44 [[32minfo[39m] [[36mERROR[39m] [multipleResolves] MULTIPLE RESOLVES
2025-02-17 22:51:49 [[32minfo[39m] [[36mERROR[39m] [multipleResolves] MULTIPLE RESOLVES
2025-02-17 22:52:51 [[32minfo[39m] [[36mDatabase[39m] Mongoose connection made and is connected
2025-02-17 22:52:52 [[32minfo[39m] [[36mReady[39m] MEE8 (New, and Improved)#1130 is ready to serve 7 guilds with 136 members.
2025-02-17 22:52:53 [[32minfo[39m] [[36mDashboard[39m] Listening on port 4000
2025-02-17 22:53:09 [[32minfo[39m] [[36mSlash Commmand[39m] "/gigachad" (gigachad) ran by "q_137" (1266530258522345574) on guild "Whelen's Lounge" (1321929915603488881) in channel "「🤖」bot-commands" (1321929917226684506)
2025-02-17 22:53:39 [[32minfo[39m] [[36mERROR[39m] [multipleResolves] MULTIPLE RESOLVES
2025-02-17 22:56:36 [[32minfo[39m] [[36mSlash Commmand[39m] "/awp" (awp) ran by "the4004whelen" (1067137336674107453) on guild "Whelen's Lounge" (1321929915603488881) in channel "「🤖」bot-commands" (1321929917226684506)
2025-02-17 22:56:42 [[32minfo[39m] [[36mSlash Commmand[39m] "/brick" (brick) ran by "the4004whelen" (1067137336674107453) on guild "Whelen's Lounge" (1321929915603488881) in channel "「🤖」bot-commands" (1321929917226684506)
2025-02-17 22:57:25 [[32minfo[39m] [[36mDatabase[39m] Mongoose connection made and is connected
2025-02-17 22:57:26 [[32minfo[39m] [[36mReady[39m] MEE8 (New, and Improved)#1130 is ready to serve 7 guilds with 136 members.
2025-02-17 22:57:27 [[32minfo[39m] [[36mDashboard[39m] Listening on port 4000
2025-02-17 22:57:28 [[32minfo[39m] [[36mSlash Commmand[39m] "/brick" (brick) ran by "the4004whelen" (1067137336674107453) on guild "Whelen's Lounge" (1321929915603488881) in channel "「🤖」bot-commands" (1321929917226684506)
2025-02-17 22:57:31 [[32minfo[39m] [[36mSlash Commmand[39m] "/brick" (brick) ran by "the4004whelen" (1067137336674107453) on guild "Whelen's Lounge" (1321929915603488881) in channel "「🤖」bot-commands" (1321929917226684506)
2025-02-17 22:57:37 [[32minfo[39m] [[36mSlash Commmand[39m] "/awp" (awp) ran by "the4004whelen" (1067137336674107453) on guild "Whelen's Lounge" (1321929915603488881) in channel "「🤖」bot-commands" (1321929917226684506)
2025-02-17 22:57:45 [[32minfo[39m] [[36mSlash Commmand[39m] "/brick" (brick) ran by "the4004whelen" (1067137336674107453) on guild "Whelen's Lounge" (1321929915603488881) in channel "「🤖」bot-commands" (1321929917226684506)
2025-02-17 22:57:55 [[32minfo[39m] [[36mCommand[39m] "-play Rush E" (play) ran by "the4004whelen" (1067137336674107453) on guild "Whelen's Lounge" (1321929915603488881) channel "#「🤖」bot-commands" (1321929917226684506)
2025-02-17 22:57:56 [[32minfo[39m] [[36mERROR[39m] [multipleResolves] MULTIPLE RESOLVES
2025-02-17 22:57:56 [[32minfo[39m] [[36mERROR[39m] [multipleResolves] MULTIPLE RESOLVES
2025-02-17 22:57:56 [[32minfo[39m] [[36mERROR[39m] [multipleResolves] MULTIPLE RESOLVES
2025-02-17 22:57:57 [[32minfo[39m] [[36mERROR[39m] [multipleResolves] MULTIPLE RESOLVES
2025-02-17 22:57:58 [[32minfo[39m] [[36mERROR[39m] [multipleResolves] MULTIPLE RESOLVES
2025-02-17 22:57:58 [[32minfo[39m] [[36mERROR[39m] [multipleResolves] MULTIPLE RESOLVES
2025-02-17 22:57:58 [[32minfo[39m] [[36mERROR[39m] [multipleResolves] MULTIPLE RESOLVES
2025-02-17 22:58:12 [[32minfo[39m] [[36mCommand[39m] "-play Rush E" (play) ran by "the4004whelen" (1067137336674107453) on guild "Whelen's Lounge" (1321929915603488881) channel "#「🤖」bot-commands" (1321929917226684506)
2025-02-17 22:58:13 [[32minfo[39m] [[36mERROR[39m] [multipleResolves] MULTIPLE RESOLVES
2025-02-17 22:58:14 [[32minfo[39m] [[36mERROR[39m] [multipleResolves] MULTIPLE RESOLVES
2025-02-17 22:58:14 [[32minfo[39m] [[36mERROR[39m] [multipleResolves] MULTIPLE RESOLVES
2025-02-17 22:58:15 [[32minfo[39m] [[36mERROR[39m] [multipleResolves] MULTIPLE RESOLVES
2025-02-17 22:58:15 [[32minfo[39m] [[36mERROR[39m] [multipleResolves] MULTIPLE RESOLVES
2025-02-17 22:58:18 [[32minfo[39m] [[36mCommand[39m] "-stop" (stop) ran by "the4004whelen" (1067137336674107453) on guild "Whelen's Lounge" (1321929915603488881) channel "#「🤖」bot-commands" (1321929917226684506)
2025-02-17 22:59:14 [[32minfo[39m] [[36mCommand[39m] "-play Rush A" (play) ran by "the4004whelen" (1067137336674107453) on guild "Whelen's Lounge" (1321929915603488881) channel "#「🤖」bot-commands" (1321929917226684506)
2025-02-17 22:59:15 [[32minfo[39m] [[36mERROR[39m] [multipleResolves] MULTIPLE RESOLVES
2025-02-17 22:59:16 [[32minfo[39m] [[36mERROR[39m] [multipleResolves] MULTIPLE RESOLVES
2025-02-17 22:59:16 [[32minfo[39m] [[36mERROR[39m] [multipleResolves] MULTIPLE RESOLVES
2025-02-17 22:59:16 [[32minfo[39m] [[36mERROR[39m] [multipleResolves] MULTIPLE RESOLVES
2025-02-17 22:59:17 [[32minfo[39m] [[36mERROR[39m] [multipleResolves] MULTIPLE RESOLVES
2025-02-17 22:59:22 [[32minfo[39m] [[36mCommand[39m] "-play Rush E by sheet music boss" (play) ran by "the4004whelen" (1067137336674107453) on guild "Whelen's Lounge" (1321929915603488881) channel "#「🤖」bot-commands" (1321929917226684506)
2025-02-17 22:59:23 [[32minfo[39m] [[36mERROR[39m] [multipleResolves] MULTIPLE RESOLVES
2025-02-17 22:59:24 [[32minfo[39m] [[36mERROR[39m] [multipleResolves] MULTIPLE RESOLVES
2025-02-17 22:59:24 [[32minfo[39m] [[36mERROR[39m] [multipleResolves] MULTIPLE RESOLVES
2025-02-17 22:59:24 [[32minfo[39m] [[36mERROR[39m] [multipleResolves] MULTIPLE RESOLVES
2025-02-17 22:59:25 [[32minfo[39m] [[36mERROR[39m] [multipleResolves] MULTIPLE RESOLVES
2025-02-17 23:00:35 [[32minfo[39m] [[36mDatabase[39m] Mongoose connection made and is connected
2025-02-17 23:00:35 [[32minfo[39m] [[36mERROR[39m] [unhandledRejection] Cannot find module './src/handlers/Music_Handler.js'
Require stack:
- /home/eyumnotmuye/dev/whelen/MEE8/MEE8.js
- /home/eyumnotmuye/dev/whelen/MEE8/index.js
2025-02-17 23:01:08 [[32minfo[39m] [[36mDatabase[39m] Mongoose connection made and is connected
2025-02-17 23:01:09 [[32minfo[39m] [[36mReady[39m] MEE8 (New, and Improved)#1130 is ready to serve 7 guilds with 136 members.
2025-02-17 23:01:09 [[32minfo[39m] [[36mDashboard[39m] Listening on port 4000
2025-02-17 23:01:15 [[32minfo[39m] [[36mCommand[39m] "-clear 1000" (clear) ran by "the4004whelen" (1067137336674107453) on guild "Whelen's Lounge" (1321929915603488881) channel "#「🤖」bot-commands" (1321929917226684506)
2025-02-17 23:01:16 [[32minfo[39m] [[36mPurge[39m] Deleted 15 messages.
2025-02-17 23:32:02 [[32minfo[39m] [[36mDatabase[39m] Mongoose connection made and is connected
2025-02-17 23:32:03 [[32minfo[39m] [[36mReady[39m] MEE8 (New, and Improved)#1130 is ready to serve 7 guilds with 136 members.
2025-02-17 23:32:04 [[32minfo[39m] [[36mDashboard[39m] Listening on port 4000
2025-02-18 18:04:14 [[32minfo[39m] [[36mDatabase[39m] Mongoose connection made and is connected
2025-02-18 18:04:15 [[32minfo[39m] [[36mReady[39m] MEE8 (New, and Improved)#1130 is ready to serve 7 guilds with 136 members.
2025-02-18 18:04:32 [[32minfo[39m] [[36mDashboard[39m] Listening on port 4000
2025-02-18 18:09:01 [[32minfo[39m] [[36mSlash Commmand[39m] "/servericon" (servericon) ran by "the4004whelen" (1067137336674107453) on guild "Whelen's Lounge" (1321929915603488881) in channel "「🤖」bot-commands" (1321929917226684506)
2025-02-18 23:24:38 [[32minfo[39m] [[36mSlash Commmand[39m] "/ping" (ping) ran by "q_137" (1266530258522345574) on guild "Whelen's Lounge" (1321929915603488881) in channel "「🤖」bot-commands" (1321929917226684506)
2025-02-19 11:12:25 [[32minfo[39m] [[36mSlash Commmand[39m] "/calculate expression:180-53" (calculate) ran by "the4004whelen" (1067137336674107453) in a DM.
2025-02-19 11:12:33 [[32minfo[39m] [[36mSlash Commmand[39m] "/calculate expression:127/2" (calculate) ran by "the4004whelen" (1067137336674107453) in a DM.
2025-02-19 11:12:54 [[32minfo[39m] [[36mSlash Commmand[39m] "/calculate expression:round(63.5)" (calculate) ran by "the4004whelen" (1067137336674107453) in a DM.
2025-02-19 11:13:15 [[32minfo[39m] [[36mSlash Commmand[39m] "/calculate expression:180-(53+64)" (calculate) ran by "the4004whelen" (1067137336674107453) in a DM.
2025-02-19 11:13:35 [[32minfo[39m] [[36mSlash Commmand[39m] "/calculate expression:53+63+64" (calculate) ran by "the4004whelen" (1067137336674107453) in a DM.
2025-02-19 11:18:02 [[32minfo[39m] [[36mSlash Commmand[39m] "/calculate expression:180-(90+53)" (calculate) ran by "the4004whelen" (1067137336674107453) in a DM.
2025-02-19 11:21:28 [[32minfo[39m] [[36mSlash Commmand[39m] "/calculate expression:-(10/7)x+10" (calculate) ran by "the4004whelen" (1067137336674107453) in a DM.
2025-02-19 11:23:00 [[32minfo[39m] [[36mSlash Commmand[39m] "/calculate expression:(5)6" (calculate) ran by "the4004whelen" (1067137336674107453) in a DM.
2025-02-19 11:24:13 [[32minfo[39m] [[36mSlash Commmand[39m] "/setvar variable:x value:-2" (setvar) ran by "the4004whelen" (1067137336674107453) in a DM.
2025-02-19 11:24:24 [[32minfo[39m] [[36mSlash Commmand[39m] "/calculate expression:2x" (calculate) ran by "the4004whelen" (1067137336674107453) in a DM.
2025-02-19 11:24:55 [[32minfo[39m] [[36mSlash Commmand[39m] "/calculate expression:(2*x)^2+5" (calculate) ran by "the4004whelen" (1067137336674107453) in a DM.
2025-02-19 11:25:18 [[32minfo[39m] [[36mSlash Commmand[39m] "/calculate expression:2(-2)^2+5" (calculate) ran by "the4004whelen" (1067137336674107453) in a DM.
2025-02-19 11:25:57 [[32minfo[39m] [[36mSlash Commmand[39m] "/calculate expression:(-2)^2" (calculate) ran by "the4004whelen" (1067137336674107453) in a DM.
2025-02-19 11:27:13 [[32minfo[39m] [[36mSlash Commmand[39m] "/calculate expression:2(-2)^2" (calculate) ran by "the4004whelen" (1067137336674107453) in a DM.
2025-02-19 11:28:00 [[32minfo[39m] [[36mSlash Commmand[39m] "/calculate expression:(-2)**2" (calculate) ran by "the4004whelen" (1067137336674107453) in a DM.
2025-02-19 11:29:15 [[32minfo[39m] [[36mSlash Commmand[39m] "/calculate expression:2(4)+2-12" (calculate) ran by "the4004whelen" (1067137336674107453) in a DM.
2025-02-19 12:42:24 [[32minfo[39m] [[36mDatabase[39m] Mongoose connection made and is connected
2025-02-19 12:42:25 [[32minfo[39m] [[36mReady[39m] MEE8 (New, and Improved)#1130 is ready to serve 7 guilds with 136 members.
2025-02-19 12:42:26 [[32minfo[39m] [[36mDashboard[39m] Listening on port 4000
2025-02-19 12:43:04 [[32minfo[39m] [[36mSlash Commmand[39m] "/calculate expression:a" (calculate) ran by "the4004whelen" (1067137336674107453) in a DM.
2025-02-19 12:44:08 [[32minfo[39m] [[36mDatabase[39m] Mongoose connection made and is connected
2025-02-19 12:44:09 [[32minfo[39m] [[36mReady[39m] MEE8 (New, and Improved)#1130 is ready to serve 7 guilds with 136 members.
2025-02-19 12:44:09 [[32minfo[39m] [[36mDashboard[39m] Listening on port 4000
2025-02-19 12:44:12 [[32minfo[39m] [[36mSlash Commmand[39m] "/calculate expression:5+6" (calculate) ran by "the4004whelen" (1067137336674107453) in a DM.
2025-02-19 15:02:49 [[32minfo[39m] [[36mDatabase[39m] Mongoose connection made and is connected
2025-02-19 15:02:51 [[32minfo[39m] [[36mReady[39m] MEE8 (New, and Improved)#1130 is ready to serve 7 guilds with 136 members.
2025-02-19 15:02:51 [[32minfo[39m] [[36mDashboard[39m] Listening on port 4000
2025-02-19 15:03:46 [[32minfo[39m] [[36mDatabase[39m] Mongoose connection made and is connected
2025-02-19 15:03:47 [[32minfo[39m] [[36mReady[39m] MEE8 (New, and Improved)#1130 is ready to serve 7 guilds with 136 members.
2025-02-19 15:03:48 [[32minfo[39m] [[36mDashboard[39m] Listening on port 4000
2025-02-19 15:04:08 [[32minfo[39m] [[36mSlash Commmand[39m] "/calculate expression:6+3" (calculate) ran by "the4004whelen" (1067137336674107453) in a DM.
2025-02-19 15:04:27 [[32minfo[39m] [[36mDatabase[39m] Mongoose connection made and is connected
2025-02-19 15:04:28 [[32minfo[39m] [[36mReady[39m] MEE8 (New, and Improved)#1130 is ready to serve 7 guilds with 136 members.
2025-02-19 15:04:28 [[32minfo[39m] [[36mDashboard[39m] Listening on port 4000
2025-02-19 15:04:32 [[32minfo[39m] [[36mSlash Commmand[39m] "/clearbackups" (clearbackups) ran by "the4004whelen" (1067137336674107453) in a DM.
2025-02-19 15:04:38 [[32minfo[39m] [[36mSlash Commmand[39m] "/calculate expression:6+1" (calculate) ran by "the4004whelen" (1067137336674107453) in a DM.
2025-02-19 15:05:59 [[32minfo[39m] [[36mDatabase[39m] Mongoose connection made and is connected
2025-02-19 15:06:00 [[32minfo[39m] [[36mReady[39m] MEE8 (New, and Improved)#1130 is ready to serve 7 guilds with 136 members.
2025-02-19 15:06:00 [[32minfo[39m] [[36mDashboard[39m] Listening on port 4000
2025-02-19 15:06:28 [[32minfo[39m] [[36mDatabase[39m] Mongoose connection made and is connected
2025-02-19 15:06:29 [[32minfo[39m] [[36mReady[39m] MEE8 (New, and Improved)#1130 is ready to serve 7 guilds with 136 members.
2025-02-19 15:06:30 [[32minfo[39m] [[36mDashboard[39m] Listening on port 4000
2025-02-19 15:06:51 [[32minfo[39m] [[36mSlash Commmand[39m] "/calculate expression:6+7" (calculate) ran by "the4004whelen" (1067137336674107453) in a DM.
2025-02-19 15:07:11 [[32minfo[39m] [[36mDatabase[39m] Mongoose connection made and is connected
2025-02-19 15:07:12 [[32minfo[39m] [[36mReady[39m] MEE8 (New, and Improved)#1130 is ready to serve 7 guilds with 136 members.
2025-02-19 15:07:13 [[32minfo[39m] [[36mDashboard[39m] Listening on port 4000
2025-02-19 15:07:17 [[32minfo[39m] [[36mSlash Commmand[39m] "/calculate expression:6+7" (calculate) ran by "the4004whelen" (1067137336674107453) in a DM.
2025-02-19 15:08:50 [[32minfo[39m] [[36mDatabase[39m] Mongoose connection made and is connected
2025-02-19 15:08:51 [[32minfo[39m] [[36mReady[39m] MEE8 (New, and Improved)#1130 is ready to serve 7 guilds with 136 members.
2025-02-19 15:08:51 [[32minfo[39m] [[36mDashboard[39m] Listening on port 4000
2025-02-19 15:09:17 [[32minfo[39m] [[36mDatabase[39m] Mongoose connection made and is connected
2025-02-19 15:09:18 [[32minfo[39m] [[36mReady[39m] MEE8 (New, and Improved)#1130 is ready to serve 7 guilds with 136 members.
2025-02-19 15:09:19 [[32minfo[39m] [[36mDashboard[39m] Listening on port 4000
2025-02-19 15:09:20 [[32minfo[39m] [[36mSlash Commmand[39m] "/calculate expression:6+72" (calculate) ran by "the4004whelen" (1067137336674107453) in a DM.
2025-02-19 15:09:48 [[32minfo[39m] [[36mDatabase[39m] Mongoose connection made and is connected
2025-02-19 15:09:49 [[32minfo[39m] [[36mReady[39m] MEE8 (New, and Improved)#1130 is ready to serve 7 guilds with 136 members.
2025-02-19 15:09:50 [[32minfo[39m] [[36mDashboard[39m] Listening on port 4000
2025-02-19 15:09:52 [[32minfo[39m] [[36mSlash Commmand[39m] "/calculate expression:6+1" (calculate) ran by "the4004whelen" (1067137336674107453) in a DM.
2025-02-19 15:10:21 [[32minfo[39m] [[36mDatabase[39m] Mongoose connection made and is connected
2025-02-19 15:10:22 [[32minfo[39m] [[36mReady[39m] MEE8 (New, and Improved)#1130 is ready to serve 7 guilds with 136 members.
2025-02-19 15:10:23 [[32minfo[39m] [[36mDashboard[39m] Listening on port 4000
2025-02-19 15:10:26 [[32minfo[39m] [[36mSlash Commmand[39m] "/clearbackups" (clearbackups) ran by "the4004whelen" (1067137336674107453) in a DM.
2025-02-19 15:10:31 [[32minfo[39m] [[36mSlash Commmand[39m] "/calculate expression:6+7" (calculate) ran by "the4004whelen" (1067137336674107453) in a DM.
2025-02-19 15:11:10 [[32minfo[39m] [[36mSlash Commmand[39m] "/calculate expression:a+6" (calculate) ran by "the4004whelen" (1067137336674107453) in a DM.
2025-02-19 15:11:17 [[32minfo[39m] [[36mSlash Commmand[39m] "/calculate expression:a" (calculate) ran by "the4004whelen" (1067137336674107453) in a DM.
2025-02-19 15:11:42 [[32minfo[39m] [[36mSlash Commmand[39m] "/calculate expression:a+c" (calculate) ran by "the4004whelen" (1067137336674107453) in a DM.
2025-02-19 15:13:51 [[32minfo[39m] [[36mDatabase[39m] Mongoose connection made and is connected
2025-02-19 15:13:52 [[32minfo[39m] [[36mReady[39m] MEE8 (New, and Improved)#1130 is ready to serve 7 guilds with 136 members.
2025-02-19 15:13:53 [[32minfo[39m] [[36mDashboard[39m] Listening on port 4000
2025-02-19 15:13:54 [[32minfo[39m] [[36mSlash Commmand[39m] "/calculate expression:a+c+b" (calculate) ran by "the4004whelen" (1067137336674107453) in a DM.
2025-02-19 15:14:02 [[32minfo[39m] [[36mSlash Commmand[39m] "/calculate expression:b" (calculate) ran by "the4004whelen" (1067137336674107453) in a DM.
2025-02-19 15:14:09 [[32minfo[39m] [[36mSlash Commmand[39m] "/calculate expression:c" (calculate) ran by "the4004whelen" (1067137336674107453) in a DM.
2025-02-19 15:14:24 [[32minfo[39m] [[36mSlash Commmand[39m] "/setvar variable:c value:null" (setvar) ran by "the4004whelen" (1067137336674107453) in a DM.
2025-02-19 15:19:17 [[32minfo[39m] [[36mDatabase[39m] Mongoose connection made and is connected
2025-02-19 15:19:19 [[32minfo[39m] [[36mReady[39m] MEE8 (New, and Improved)#1130 is ready to serve 7 guilds with 136 members.
2025-02-19 15:19:19 [[32minfo[39m] [[36mDashboard[39m] Listening on port 4000
2025-02-19 15:19:39 [[32minfo[39m] [[36mSlash Commmand[39m] "/delvar variable:c" (delvar) ran by "the4004whelen" (1067137336674107453) in a DM.
2025-02-19 15:19:44 [[32minfo[39m] [[36mSlash Commmand[39m] "/calculate expression:c" (calculate) ran by "the4004whelen" (1067137336674107453) in a DM.
2025-02-19 15:21:06 [[32minfo[39m] [[36mDatabase[39m] Mongoose connection made and is connected
2025-02-19 15:21:07 [[32minfo[39m] [[36mReady[39m] MEE8 (New, and Improved)#1130 is ready to serve 7 guilds with 136 members.
2025-02-19 15:21:08 [[32minfo[39m] [[36mDashboard[39m] Listening on port 4000
2025-02-19 15:21:12 [[32minfo[39m] [[36mSlash Commmand[39m] "/calculate expression:c" (calculate) ran by "the4004whelen" (1067137336674107453) in a DM.
2025-02-19 15:21:19 [[32minfo[39m] [[36mSlash Commmand[39m] "/calculate expression:a+c" (calculate) ran by "the4004whelen" (1067137336674107453) in a DM.
2025-02-19 15:21:29 [[32minfo[39m] [[36mSlash Commmand[39m] "/calculate expression:c+7" (calculate) ran by "the4004whelen" (1067137336674107453) in a DM.
2025-02-19 15:21:46 [[32minfo[39m] [[36mSlash Commmand[39m] "/calculate expression:ab" (calculate) ran by "the4004whelen" (1067137336674107453) in a DM.
2025-02-19 15:22:20 [[32minfo[39m] [[36mSlash Commmand[39m] "/calculate expression:2a" (calculate) ran by "the4004whelen" (1067137336674107453) in a DM.
2025-02-19 15:26:34 [[32minfo[39m] [[36mDatabase[39m] Mongoose connection made and is connected
2025-02-19 15:26:35 [[32minfo[39m] [[36mReady[39m] MEE8 (New, and Improved)#1130 is ready to serve 7 guilds with 136 members.
2025-02-19 15:26:35 [[32minfo[39m] [[36mDashboard[39m] Listening on port 4000
2025-02-19 15:26:43 [[32minfo[39m] [[36mSlash Commmand[39m] "/calculate expression:ab" (calculate) ran by "the4004whelen" (1067137336674107453) in a DM.
2025-02-19 15:27:17 [[32minfo[39m] [[36mSlash Commmand[39m] "/calculate expression:abc" (calculate) ran by "the4004whelen" (1067137336674107453) in a DM.
2025-02-19 15:28:03 [[32minfo[39m] [[36mSlash Commmand[39m] "/calculate expression:a2" (calculate) ran by "the4004whelen" (1067137336674107453) in a DM.
2025-02-19 15:28:10 [[32minfo[39m] [[36mSlash Commmand[39m] "/calculate expression:2a" (calculate) ran by "the4004whelen" (1067137336674107453) in a DM.
2025-02-19 15:29:06 [[32minfo[39m] [[36mDatabase[39m] Mongoose connection made and is connected
2025-02-19 15:29:07 [[32minfo[39m] [[36mReady[39m] MEE8 (New, and Improved)#1130 is ready to serve 7 guilds with 136 members.
2025-02-19 15:29:08 [[32minfo[39m] [[36mDashboard[39m] Listening on port 4000
2025-02-19 15:29:09 [[32minfo[39m] [[36mSlash Commmand[39m] "/calculate expression:a2" (calculate) ran by "the4004whelen" (1067137336674107453) in a DM.
2025-02-19 15:48:07 [[32minfo[39m] [[36mSlash Commmand[39m] "/calculate expression:a+c" (calculate) ran by "the4004whelen" (1067137336674107453) in a DM.
2025-02-19 17:23:31 [[32minfo[39m] [[36mSlash Commmand[39m] "/calculate expression:1e+203" (calculate) ran by "the4004whelen" (1067137336674107453) in a DM.
2025-02-19 17:25:19 [[32minfo[39m] [[36mSlash Commmand[39m] "/calculate expression:((7.3e+198 + 4.2e+205) / (9.8e+102)) + sqrt(6.5e+187) - log10(3.1e+212)" (calculate) ran by "q_137" (1266530258522345574) in a DM.
2025-02-19 17:26:34 [[32minfo[39m] [[36mSlash Commmand[39m] "/calculate expression:((73000000000000000000000000000000000000000000000000000000000000000000000000000000000000000000000000000000000000000000000000000000000000000000000000000000000000000000000000000000000000000000000 + 42000000000000000000000000000000000000000000000000000000000000000000000000000000000000000000000000000000000000000000000000000000000000000000000000000000000000000000000000000000000000000000000000000) / (98000000000000000000000000000000000000000000000000000000000000000000000000000000000000000000)) + sqrt(65000000000000000000000000000000000000000000000000000000000000000000000000000000000000000000000000000000000000000000000000000000000000000000000000000000000000000000000000000000000000000000) - log10(310000000000000000000000000000000000000000000000000000000000000000000000000000000000000000000000000000000000000000000000000000000000000000000000000000000000000000000000000000000000000000000000)" (calculate) ran by "q_137" (1266530258522345574) in a DM.
2025-02-19 17:28:29 [[32minfo[39m] [[36mSlash Commmand[39m] "/calculate expression:(10^1000) * (10^1000)" (calculate) ran by "q_137" (1266530258522345574) in a DM.
2025-02-19 17:28:38 [[32minfo[39m] [[36mSlash Commmand[39m] "/calculate expression:(10^10) * (10^10)" (calculate) ran by "q_137" (1266530258522345574) in a DM.
2025-02-19 17:28:49 [[32minfo[39m] [[36mSlash Commmand[39m] "/calculate expression:(10^1000) * (10^10000)" (calculate) ran by "q_137" (1266530258522345574) in a DM.
2025-02-19 17:29:09 [[32minfo[39m] [[36mSlash Commmand[39m] "/calculate expression:(10^5) * (10^90)" (calculate) ran by "q_137" (1266530258522345574) in a DM.
2025-02-19 22:53:20 [[31merror[39m] [[36mDatabase[39m] Mongoose connection lost
2025-02-19 22:53:20 [[32minfo[39m] [[36mDatabase[39m] Mongoose connection made and is connected
2025-02-20 01:02:54 [[32minfo[39m] [[36mSlash Commmand[39m] "/ban member:1098962427485364344 reason:Raid Threats in GVRPD." (ban) ran by "the4004whelen" (1067137336674107453) on guild "CRRC | Craxel's Roblox Roleplay Corporation" (1313722958828670976) in channel "staff-commands" (1340096482954444800)
2025-02-20 10:37:36 [[32minfo[39m] [[36mSlash Commmand[39m] "/calculate expression:71-(3*10)" (calculate) ran by "the4004whelen" (1067137336674107453) in a DM.
2025-02-20 10:45:42 [[32minfo[39m] [[36mSlash Commmand[39m] "/delvar variable:x" (delvar) ran by "the4004whelen" (1067137336674107453) in a DM.
2025-02-20 10:49:04 [[32minfo[39m] [[36mSlash Commmand[39m] "/calculate expression:(6)(7)" (calculate) ran by "the4004whelen" (1067137336674107453) in a DM.
2025-02-20 10:49:25 [[32minfo[39m] [[36mSlash Commmand[39m] "/calculate expression:(6)(6)" (calculate) ran by "the4004whelen" (1067137336674107453) in a DM.
2025-02-20 10:50:37 [[32minfo[39m] [[36mSlash Commmand[39m] "/calculate expression:(x-1)^3" (calculate) ran by "the4004whelen" (1067137336674107453) in a DM.
2025-02-20 10:51:56 [[32minfo[39m] [[36mSlash Commmand[39m] "/calculate expression:(x-1)(x-1)(x-1)+8" (calculate) ran by "the4004whelen" (1067137336674107453) in a DM.
2025-02-20 10:53:43 [[32minfo[39m] [[36mSlash Commmand[39m] "/calculate expression:(x^2-2x+1)(x-1)+8" (calculate) ran by "the4004whelen" (1067137336674107453) in a DM.
2025-02-20 10:57:07 [[32minfo[39m] [[36mSlash Commmand[39m] "/help" (help) ran by "the4004whelen" (1067137336674107453) in a DM.
2025-02-20 10:58:33 [[32minfo[39m] [[36mSlash Commmand[39m] "/calculate expression:x^3-3x^2+3x-1+8" (calculate) ran by "the4004whelen" (1067137336674107453) in a DM.
2025-02-20 10:59:29 [[32minfo[39m] [[36mSlash Commmand[39m] "/brick" (brick) ran by "the4004whelen" (1067137336674107453) in a DM.
2025-02-20 11:04:36 [[32minfo[39m] [[36mSlash Commmand[39m] "/calculate expression:2(-6x+1)^2" (calculate) ran by "the4004whelen" (1067137336674107453) in a DM.
2025-02-20 11:05:58 [[32minfo[39m] [[36mSlash Commmand[39m] "/calculate expression:2(-6x+1)(-6x+1)-9(-6x+1)+2" (calculate) ran by "the4004whelen" (1067137336674107453) in a DM.
2025-02-20 11:06:36 [[32minfo[39m] [[36mSlash Commmand[39m] "/calculate expression:(-6x)(-6x)" (calculate) ran by "the4004whelen" (1067137336674107453) in a DM.
2025-02-20 11:07:25 [[32minfo[39m] [[36mSlash Commmand[39m] "/calculate expression:(1)(-6x)" (calculate) ran by "the4004whelen" (1067137336674107453) in a DM.
2025-02-20 11:09:07 [[32minfo[39m] [[36mSlash Commmand[39m] "/calculate expression:2(36x^2-12x+1)-9(-6x+1)+2" (calculate) ran by "the4004whelen" (1067137336674107453) in a DM.
2025-02-20 11:13:44 [[32minfo[39m] [[36mSlash Commmand[39m] "/calculate expression:(2x^2-9x+2)(2x^2-9x+2)" (calculate) ran by "the4004whelen" (1067137336674107453) in a DM.
2025-02-20 11:14:32 [[32minfo[39m] [[36mSlash Commmand[39m] "/calculate expression:(2x^2)(2x^2)" (calculate) ran by "the4004whelen" (1067137336674107453) in a DM.
2025-02-20 11:19:26 [[32minfo[39m] [[36mSlash Commmand[39m] "/calculate expression:4x^4-18x^3+4x^2-18x^3+81x^2-18x+4x^2-18x+4-4" (calculate) ran by "the4004whelen" (1067137336674107453) in a DM.
2025-02-20 11:48:46 [[32minfo[39m] [[36mDatabase[39m] Mongoose connection made and is connected
2025-02-20 11:48:48 [[32minfo[39m] [[36mReady[39m] MEE8 (New, and Improved)#1130 is ready to serve 7 guilds with 136 members.
2025-02-20 11:48:48 [[32minfo[39m] [[36mDashboard[39m] Listening on port 4000
2025-02-20 11:51:23 [[32minfo[39m] [[36mSlash Commmand[39m] "/server guild:1196136188155805890" (server) ran by "the4004whelen" (1067137336674107453) in a DM.
2025-02-20 11:55:30 [[32minfo[39m] [[36mSlash Commmand[39m] "/eval thing-to-eval:interaction.guilds.cache.get("1196136188155805890")" (eval) ran by "the4004whelen" (1067137336674107453) in a DM.
2025-02-20 12:02:39 [[32minfo[39m] [[36mDatabase[39m] Mongoose connection made and is connected
2025-02-20 12:02:40 [[32minfo[39m] [[36mReady[39m] MEE8 (New, and Improved)#1130 is ready to serve 7 guilds with 136 members.
2025-02-20 12:02:40 [[32minfo[39m] [[36mDashboard[39m] Listening on port 4000
2025-02-20 12:08:03 [[32minfo[39m] [[36mDatabase[39m] Mongoose connection made and is connected
2025-02-20 12:08:04 [[32minfo[39m] [[36mReady[39m] MEE8 (New, and Improved)#1130 is ready to serve 7 guilds with 136 members.
2025-02-20 12:08:04 [[32minfo[39m] [[36mDashboard[39m] Listening on port 4000
2025-02-20 12:08:51 [[32minfo[39m] [[36mSlash Commmand[39m] "/role all role:1313725618403278848" (role all) ran by "the4004whelen" (1067137336674107453) on guild "CRRC | Craxel's Roblox Roleplay Corporation" (1313722958828670976) in channel "announcements" (1326257871435862159)
2025-02-20 12:14:47 [[32minfo[39m] [[36mSlash Commmand[39m] "/role all role:1313725618403278848 reason:test" (role all) ran by "the4004whelen" (1067137336674107453) on guild "CRRC | Craxel's Roblox Roleplay Corporation" (1313722958828670976) in channel "staff-commands" (1340096482954444800)
2025-02-20 12:15:13 [[32minfo[39m] [[36mDatabase[39m] Mongoose connection made and is connected
2025-02-20 12:15:14 [[32minfo[39m] [[36mReady[39m] MEE8 (New, and Improved)#1130 is ready to serve 7 guilds with 136 members.
2025-02-20 12:15:14 [[32minfo[39m] [[36mDashboard[39m] Listening on port 4000
2025-02-20 12:15:22 [[32minfo[39m] [[36mSlash Commmand[39m] "/role all role:1313725618403278848" (role all) ran by "the4004whelen" (1067137336674107453) on guild "CRRC | Craxel's Roblox Roleplay Corporation" (1313722958828670976) in channel "staff-commands" (1340096482954444800)
2025-02-20 12:16:02 [[32minfo[39m] [[36mDatabase[39m] Mongoose connection made and is connected
2025-02-20 12:16:03 [[32minfo[39m] [[36mReady[39m] MEE8 (New, and Improved)#1130 is ready to serve 7 guilds with 136 members.
2025-02-20 12:16:03 [[32minfo[39m] [[36mDashboard[39m] Listening on port 4000
2025-02-20 12:16:20 [[32minfo[39m] [[36mSlash Commmand[39m] "/role all role:1313725618403278848" (role all) ran by "the4004whelen" (1067137336674107453) on guild "CRRC | Craxel's Roblox Roleplay Corporation" (1313722958828670976) in channel "staff-commands" (1340096482954444800)
2025-02-20 12:16:35 [[32minfo[39m] [[36mSlash Commmand[39m] "/role bots role:1313725618403278848 remove:true" (role bots) ran by "the4004whelen" (1067137336674107453) on guild "CRRC | Craxel's Roblox Roleplay Corporation" (1313722958828670976) in channel "staff-commands" (1340096482954444800)
